This is pdfTeX, Version 3.14159265-2.6-1.40.21 (TeX Live 2020/Debian) (preloaded format=pdflatex 2022.2.11)  3 APR 2022 15:33
entering extended mode
 restricted \write18 enabled.
 %&-line parsing enabled.
**Graph_Based_Approach_to_Unsupervised_Clustering_of_USA_Land_Cover.tex
(./Graph_Based_Approach_to_Unsupervised_Clustering_of_USA_Land_Cover.tex
LaTeX2e <2020-10-01> patch level 4
L3 programming layer <2021-01-09> xparse <2020-03-03>
(/usr/share/texlive/texmf-dist/tex/latex/IEEEtran/IEEEtran.cls
Document Class: IEEEtran 2015/08/26 V1.8b by Michael Shell
-- See the "IEEEtran_HOWTO" manual for usage information.
-- http://www.michaelshell.org/tex/ieeetran/
\@IEEEtrantmpdimenA=\dimen138
\@IEEEtrantmpdimenB=\dimen139
\@IEEEtrantmpdimenC=\dimen140
\@IEEEtrantmpcountA=\count177
\@IEEEtrantmpcountB=\count178
\@IEEEtrantmpcountC=\count179
\@IEEEtrantmptoksA=\toks15
LaTeX Font Info:    Trying to load font information for OT1+ptm on input line 5
03.
(/usr/share/texlive/texmf-dist/tex/latex/psnfss/ot1ptm.fd
File: ot1ptm.fd 2001/06/04 font definitions for OT1/ptm.
)
-- Using 8.5in x 11in (letter) paper.
-- Using PDF output.
\@IEEEnormalsizeunitybaselineskip=\dimen141
-- This is a 10 point document.
\CLASSINFOnormalsizebaselineskip=\dimen142
\CLASSINFOnormalsizeunitybaselineskip=\dimen143
\IEEEnormaljot=\dimen144
LaTeX Font Info:    Font shape `OT1/ptm/bx/n' in size <5> not available
(Font)              Font shape `OT1/ptm/b/n' tried instead on input line 1090.
LaTeX Font Info:    Font shape `OT1/ptm/bx/it' in size <5> not available
(Font)              Font shape `OT1/ptm/b/it' tried instead on input line 1090.

LaTeX Font Info:    Font shape `OT1/ptm/bx/n' in size <7> not available
(Font)              Font shape `OT1/ptm/b/n' tried instead on input line 1090.
LaTeX Font Info:    Font shape `OT1/ptm/bx/it' in size <7> not available
(Font)              Font shape `OT1/ptm/b/it' tried instead on input line 1090.

LaTeX Font Info:    Font shape `OT1/ptm/bx/n' in size <8> not available
(Font)              Font shape `OT1/ptm/b/n' tried instead on input line 1090.
LaTeX Font Info:    Font shape `OT1/ptm/bx/it' in size <8> not available
(Font)              Font shape `OT1/ptm/b/it' tried instead on input line 1090.

LaTeX Font Info:    Font shape `OT1/ptm/bx/n' in size <9> not available
(Font)              Font shape `OT1/ptm/b/n' tried instead on input line 1090.
LaTeX Font Info:    Font shape `OT1/ptm/bx/it' in size <9> not available
(Font)              Font shape `OT1/ptm/b/it' tried instead on input line 1090.

LaTeX Font Info:    Font shape `OT1/ptm/bx/n' in size <10> not available
(Font)              Font shape `OT1/ptm/b/n' tried instead on input line 1090.
LaTeX Font Info:    Font shape `OT1/ptm/bx/it' in size <10> not available
(Font)              Font shape `OT1/ptm/b/it' tried instead on input line 1090.

LaTeX Font Info:    Font shape `OT1/ptm/bx/n' in size <11> not available
(Font)              Font shape `OT1/ptm/b/n' tried instead on input line 1090.
LaTeX Font Info:    Font shape `OT1/ptm/bx/it' in size <11> not available
(Font)              Font shape `OT1/ptm/b/it' tried instead on input line 1090.

LaTeX Font Info:    Font shape `OT1/ptm/bx/n' in size <12> not available
(Font)              Font shape `OT1/ptm/b/n' tried instead on input line 1090.
LaTeX Font Info:    Font shape `OT1/ptm/bx/it' in size <12> not available
(Font)              Font shape `OT1/ptm/b/it' tried instead on input line 1090.

LaTeX Font Info:    Font shape `OT1/ptm/bx/n' in size <17> not available
(Font)              Font shape `OT1/ptm/b/n' tried instead on input line 1090.
LaTeX Font Info:    Font shape `OT1/ptm/bx/it' in size <17> not available
(Font)              Font shape `OT1/ptm/b/it' tried instead on input line 1090.

LaTeX Font Info:    Font shape `OT1/ptm/bx/n' in size <20> not available
(Font)              Font shape `OT1/ptm/b/n' tried instead on input line 1090.
LaTeX Font Info:    Font shape `OT1/ptm/bx/it' in size <20> not available
(Font)              Font shape `OT1/ptm/b/it' tried instead on input line 1090.

LaTeX Font Info:    Font shape `OT1/ptm/bx/n' in size <24> not available
(Font)              Font shape `OT1/ptm/b/n' tried instead on input line 1090.
LaTeX Font Info:    Font shape `OT1/ptm/bx/it' in size <24> not available
(Font)              Font shape `OT1/ptm/b/it' tried instead on input line 1090.

\IEEEquantizedlength=\dimen145
\IEEEquantizedlengthdiff=\dimen146
\IEEEquantizedtextheightdiff=\dimen147
\IEEEilabelindentA=\dimen148
\IEEEilabelindentB=\dimen149
\IEEEilabelindent=\dimen150
\IEEEelabelindent=\dimen151
\IEEEdlabelindent=\dimen152
\IEEElabelindent=\dimen153
\IEEEiednormlabelsep=\dimen154
\IEEEiedmathlabelsep=\dimen155
\IEEEiedtopsep=\skip47
\c@section=\count180
\c@subsection=\count181
\c@subsubsection=\count182
\c@paragraph=\count183
\c@IEEEsubequation=\count184
\abovecaptionskip=\skip48
\belowcaptionskip=\skip49
\c@figure=\count185
\c@table=\count186
\@IEEEeqnnumcols=\count187
\@IEEEeqncolcnt=\count188
\@IEEEsubeqnnumrollback=\count189
\@IEEEquantizeheightA=\dimen156
\@IEEEquantizeheightB=\dimen157
\@IEEEquantizeheightC=\dimen158
\@IEEEquantizeprevdepth=\dimen159
\@IEEEquantizemultiple=\count190
\@IEEEquantizeboxA=\box47
\@IEEEtmpitemindent=\dimen160
\IEEEPARstartletwidth=\dimen161
\c@IEEEbiography=\count191
\@IEEEtranrubishbin=\box48
) (/usr/share/texlive/texmf-dist/tex/latex/cite/cite.sty
LaTeX Info: Redefining \cite on input line 302.
LaTeX Info: Redefining \nocite on input line 332.
Package: cite 2015/02/27  v 5.5
)
(/usr/share/texlive/texmf-dist/tex/latex/amsmath/amsmath.sty
Package: amsmath 2020/09/23 v2.17i AMS math features
\@mathmargin=\skip50

For additional information on amsmath, use the `?' option.
(/usr/share/texlive/texmf-dist/tex/latex/amsmath/amstext.sty
Package: amstext 2000/06/29 v2.01 AMS text

(/usr/share/texlive/texmf-dist/tex/latex/amsmath/amsgen.sty
File: amsgen.sty 1999/11/30 v2.0 generic functions
\@emptytoks=\toks16
\ex@=\dimen162
))
(/usr/share/texlive/texmf-dist/tex/latex/amsmath/amsbsy.sty
Package: amsbsy 1999/11/29 v1.2d Bold Symbols
\pmbraise@=\dimen163
)
(/usr/share/texlive/texmf-dist/tex/latex/amsmath/amsopn.sty
Package: amsopn 2016/03/08 v2.02 operator names
)
\inf@bad=\count192
LaTeX Info: Redefining \frac on input line 234.
\uproot@=\count193
\leftroot@=\count194
LaTeX Info: Redefining \overline on input line 399.
\classnum@=\count195
\DOTSCASE@=\count196
LaTeX Info: Redefining \ldots on input line 496.
LaTeX Info: Redefining \dots on input line 499.
LaTeX Info: Redefining \cdots on input line 620.
\Mathstrutbox@=\box49
\strutbox@=\box50
\big@size=\dimen164
LaTeX Font Info:    Redeclaring font encoding OML on input line 743.
LaTeX Font Info:    Redeclaring font encoding OMS on input line 744.
\macc@depth=\count197
\c@MaxMatrixCols=\count198
\dotsspace@=\muskip16
\c@parentequation=\count199
\dspbrk@lvl=\count266
\tag@help=\toks17
\row@=\count267
\column@=\count268
\maxfields@=\count269
\andhelp@=\toks18
\eqnshift@=\dimen165
\alignsep@=\dimen166
\tagshift@=\dimen167
\tagwidth@=\dimen168
\totwidth@=\dimen169
\lineht@=\dimen170
\@envbody=\toks19
\multlinegap=\skip51
\multlinetaggap=\skip52
\mathdisplay@stack=\toks20
LaTeX Info: Redefining \[ on input line 2923.
LaTeX Info: Redefining \] on input line 2924.
)
(/usr/share/texlive/texmf-dist/tex/latex/amsfonts/amssymb.sty
Package: amssymb 2013/01/14 v3.01 AMS font symbols

(/usr/share/texlive/texmf-dist/tex/latex/amsfonts/amsfonts.sty
Package: amsfonts 2013/01/14 v3.01 Basic AMSFonts support
\symAMSa=\mathgroup4
\symAMSb=\mathgroup5
LaTeX Font Info:    Redeclaring math symbol \hbar on input line 98.
LaTeX Font Info:    Overwriting math alphabet `\mathfrak' in version `bold'
(Font)                  U/euf/m/n --> U/euf/b/n on input line 106.
))
(/usr/share/texlive/texmf-dist/tex/latex/algorithms/algorithmic.sty
Package: algorithmic 2009/08/24 v0.1 Document Style `algorithmic'

(/usr/share/texlive/texmf-dist/tex/latex/base/ifthen.sty
Package: ifthen 2014/09/29 v1.1c Standard LaTeX ifthen package (DPC)
)
(/usr/share/texlive/texmf-dist/tex/latex/graphics/keyval.sty
Package: keyval 2014/10/28 v1.15 key=value parser (DPC)
\KV@toks@=\toks21
)
\c@ALC@unique=\count270
\c@ALC@line=\count271
\c@ALC@rem=\count272
\c@ALC@depth=\count273
\ALC@tlm=\skip53
\algorithmicindent=\skip54
)
(/usr/share/texlive/texmf-dist/tex/latex/graphics/graphicx.sty
Package: graphicx 2020/09/09 v1.2b Enhanced LaTeX Graphics (DPC,SPQR)

(/usr/share/texlive/texmf-dist/tex/latex/graphics/graphics.sty
Package: graphics 2020/08/30 v1.4c Standard LaTeX Graphics (DPC,SPQR)

(/usr/share/texlive/texmf-dist/tex/latex/graphics/trig.sty
Package: trig 2016/01/03 v1.10 sin cos tan (DPC)
)
(/usr/share/texlive/texmf-dist/tex/latex/graphics-cfg/graphics.cfg
File: graphics.cfg 2016/06/04 v1.11 sample graphics configuration
)
Package graphics Info: Driver file: pdftex.def on input line 105.

(/usr/share/texlive/texmf-dist/tex/latex/graphics-def/pdftex.def
File: pdftex.def 2020/10/05 v1.2a Graphics/color driver for pdftex
))
\Gin@req@height=\dimen171
\Gin@req@width=\dimen172
)
(/usr/share/texlive/texmf-dist/tex/latex/base/textcomp.sty
Package: textcomp 2020/02/02 v2.0n Standard LaTeX package
)
(/usr/share/texlive/texmf-dist/tex/latex/xcolor/xcolor.sty
Package: xcolor 2016/05/11 v2.12 LaTeX color extensions (UK)

(/usr/share/texlive/texmf-dist/tex/latex/graphics-cfg/color.cfg
File: color.cfg 2016/01/02 v1.6 sample color configuration
)
Package xcolor Info: Driver file: pdftex.def on input line 225.
Package xcolor Info: Model `cmy' substituted by `cmy0' on input line 1348.
Package xcolor Info: Model `hsb' substituted by `rgb' on input line 1352.
Package xcolor Info: Model `RGB' extended on input line 1364.
Package xcolor Info: Model `HTML' substituted by `rgb' on input line 1366.
Package xcolor Info: Model `Hsb' substituted by `hsb' on input line 1367.
Package xcolor Info: Model `tHsb' substituted by `hsb' on input line 1368.
Package xcolor Info: Model `HSB' substituted by `hsb' on input line 1369.
Package xcolor Info: Model `Gray' substituted by `gray' on input line 1370.
Package xcolor Info: Model `wave' substituted by `hsb' on input line 1371.
)
(/usr/share/texlive/texmf-dist/tex/latex/caption/caption.sty
Package: caption 2020/10/26 v3.5g Customizing captions (AR)

(/usr/share/texlive/texmf-dist/tex/latex/caption/caption3.sty
Package: caption3 2020/10/21 v2.2e caption3 kernel (AR)
\captionmargin=\dimen173
\captionmargin@=\dimen174
\captionwidth=\dimen175
\caption@tempdima=\dimen176
\caption@indent=\dimen177
\caption@parindent=\dimen178
\caption@hangindent=\dimen179
Package caption Info: Unknown document class (or package),
(caption)             standard defaults will be used.
Package caption Info: \@makecaption = \long macro:#1#2->\ifx \@captype \@IEEEta
blestring \footnotesize \bgroup \par \centering \@IEEEtabletopskipstrut {\norma
lfont \footnotesize #1}\\{\normalfont \footnotesize \scshape #2}\par \addvspace
 {0.5\baselineskip }\egroup \@IEEEtablecaptionsepspace \else \@IEEEfigurecaptio
nsepspace \setbox \@tempboxa \hbox {\normalfont \footnotesize {#1.}\nobreakspac
e \nobreakspace #2}\ifdim \wd \@tempboxa >\hsize \setbox \@tempboxa \hbox {\nor
malfont \footnotesize {#1.}\nobreakspace \nobreakspace }\parbox [t]{\hsize }{\n
ormalfont \footnotesize \noindent \unhbox \@tempboxa #2}\else \ifCLASSOPTIONcon
ference \hbox to\hsize {\normalfont \footnotesize \hfil \box \@tempboxa \hfil }
\else \hbox to\hsize {\normalfont \footnotesize \box \@tempboxa \hfil }\fi \fi 
\fi  on input line 1139.
)

Package caption Warning: Unknown document class (or package),
(caption)                standard defaults will be used.
See the caption package documentation for explanation.

\c@caption@flags=\count274
\c@continuedfloat=\count275
) (/usr/share/texlive/texmf-dist/tex/latex/caption/subcaption.sty
Package: subcaption 2020/10/07 v1.3j Sub-captions (AR)
\c@subfigure=\count276
\c@subtable=\count277
)
(/usr/share/texlive/texmf-dist/tex/latex/multirow/multirow.sty
Package: multirow 2021/01/29 v2.7 Span multiple rows of a table
\multirow@colwidth=\skip55
\multirow@cntb=\count278
\multirow@dima=\skip56
\bigstrutjot=\dimen180
)
(/usr/share/texlive/texmf-dist/tex/latex/l3backend/l3backend-pdftex.def
File: l3backend-pdftex.def 2020-01-29 L3 backend support: PDF output (pdfTeX)
\l__color_backend_stack_int=\count279
\l__pdf_internal_box=\box51
)
(./Graph_Based_Approach_to_Unsupervised_Clustering_of_USA_Land_Cover.aux)
\openout1 = `Graph_Based_Approach_to_Unsupervised_Clustering_of_USA_Land_Cover.
aux'.

LaTeX Font Info:    Checking defaults for OML/cmm/m/it on input line 16.
LaTeX Font Info:    ... okay on input line 16.
LaTeX Font Info:    Checking defaults for OMS/cmsy/m/n on input line 16.
LaTeX Font Info:    ... okay on input line 16.
LaTeX Font Info:    Checking defaults for OT1/cmr/m/n on input line 16.
LaTeX Font Info:    ... okay on input line 16.
LaTeX Font Info:    Checking defaults for T1/cmr/m/n on input line 16.
LaTeX Font Info:    ... okay on input line 16.
LaTeX Font Info:    Checking defaults for TS1/cmr/m/n on input line 16.
LaTeX Font Info:    ... okay on input line 16.
LaTeX Font Info:    Checking defaults for OMX/cmex/m/n on input line 16.
LaTeX Font Info:    ... okay on input line 16.
LaTeX Font Info:    Checking defaults for U/cmr/m/n on input line 16.
LaTeX Font Info:    ... okay on input line 16.

-- Lines per column: 56 (exact).
(/usr/share/texlive/texmf-dist/tex/context/base/mkii/supp-pdf.mkii
[Loading MPS to PDF converter (version 2006.09.02).]
\scratchcounter=\count280
\scratchdimen=\dimen181
\scratchbox=\box52
\nofMPsegments=\count281
\nofMParguments=\count282
\everyMPshowfont=\toks22
\MPscratchCnt=\count283
\MPscratchDim=\dimen182
\MPnumerator=\count284
\makeMPintoPDFobject=\count285
\everyMPtoPDFconversion=\toks23
) (/usr/share/texlive/texmf-dist/tex/latex/epstopdf-pkg/epstopdf-base.sty
Package: epstopdf-base 2020-01-24 v2.11 Base part for package epstopdf
Package epstopdf-base Info: Redefining graphics rule for `.eps' on input line 4
85.

(/usr/share/texlive/texmf-dist/tex/latex/latexconfig/epstopdf-sys.cfg
File: epstopdf-sys.cfg 2010/07/13 v1.3 Configuration of (r)epstopdf for TeX Liv
e
))
Package caption Info: Begin \AtBeginDocument code.
Package caption Info: End \AtBeginDocument code.
</home/belfner/Documents/Spatial_Temporal_Mining/Project/paper/images/basic_lan
dcover.png, id=1, 573.64313pt x 448.67625pt>
File: /home/belfner/Documents/Spatial_Temporal_Mining/Project/paper/images/basi
c_landcover.png Graphic file (type png)
<use /home/belfner/Documents/Spatial_Temporal_Mining/Project/paper/images/basic
_landcover.png>
Package pdftex.def Info: /home/belfner/Documents/Spatial_Temporal_Mining/Projec
t/paper/images/basic_landcover.png  used on input line 59.
(pdftex.def)             Requested size: 206.39685pt x 161.42747pt.
</home/belfner/Documents/Spatial_Temporal_Mining/Project/paper/images/basic_lan
dcover_graph.png, id=3, 398.9304pt x 297.0297pt>
File: /home/belfner/Documents/Spatial_Temporal_Mining/Project/paper/images/basi
c_landcover_graph.png Graphic file (type png)
<use /home/belfner/Documents/Spatial_Temporal_Mining/Project/paper/images/basic
_landcover_graph.png>
Package pdftex.def Info: /home/belfner/Documents/Spatial_Temporal_Mining/Projec
t/paper/images/basic_landcover_graph.png  used on input line 66.
(pdftex.def)             Requested size: 206.39685pt x 153.67676pt.
LaTeX Font Info:    Trying to load font information for U+msa on input line 80.


(/usr/share/texlive/texmf-dist/tex/latex/amsfonts/umsa.fd
File: umsa.fd 2013/01/14 v3.01 AMS symbols A
)
LaTeX Font Info:    Trying to load font information for U+msb on input line 80.


(/usr/share/texlive/texmf-dist/tex/latex/amsfonts/umsb.fd
File: umsb.fd 2013/01/14 v3.01 AMS symbols B
) [1{/var/lib/texmf/fonts/map/pdftex/updmap/pdftex.map}


]
</home/belfner/Documents/Spatial_Temporal_Mining/Project/paper/images/size_dist
_landcover.png, id=13, 1505.625pt x 1505.625pt>
File: /home/belfner/Documents/Spatial_Temporal_Mining/Project/paper/images/size
_dist_landcover.png Graphic file (type png)
<use /home/belfner/Documents/Spatial_Temporal_Mining/Project/paper/images/size_
dist_landcover.png>
Package pdftex.def Info: /home/belfner/Documents/Spatial_Temporal_Mining/Projec
t/paper/images/size_dist_landcover.png  used on input line 112.
(pdftex.def)             Requested size: 149.63654pt x 149.62938pt.
</home/belfner/Documents/Spatial_Temporal_Mining/Project/paper/images/size_dist
.png, id=14, 602.25pt x 602.25pt>
File: /home/belfner/Documents/Spatial_Temporal_Mining/Project/paper/images/size
_dist.png Graphic file (type png)
<use /home/belfner/Documents/Spatial_Temporal_Mining/Project/paper/images/size_
dist.png>
Package pdftex.def Info: /home/belfner/Documents/Spatial_Temporal_Mining/Projec
t/paper/images/size_dist.png  used on input line 119.
(pdftex.def)             Requested size: 165.12378pt x 165.12761pt.
</home/belfner/Documents/Spatial_Temporal_Mining/Project/paper/images/degree_di
st.png, id=15, 632.1216pt x 602.25pt>
File: /home/belfner/Documents/Spatial_Temporal_Mining/Project/paper/images/degr
ee_dist.png Graphic file (type png)
<use /home/belfner/Documents/Spatial_Temporal_Mining/Project/paper/images/degre
e_dist.png>
Package pdftex.def Info: /home/belfner/Documents/Spatial_Temporal_Mining/Projec
t/paper/images/degree_dist.png  used on input line 125.
(pdftex.def)             Requested size: 170.28094pt x 162.2329pt.
</home/belfner/Documents/Spatial_Temporal_Mining/Project/paper/images/large_sec
tion.png, id=16, 1606.0pt x 1606.0pt>
File: /home/belfner/Documents/Spatial_Temporal_Mining/Project/paper/images/larg
e_section.png Graphic file (type png)
<use /home/belfner/Documents/Spatial_Temporal_Mining/Project/paper/images/large
_section.png>
Package pdftex.def Info: /home/belfner/Documents/Spatial_Temporal_Mining/Projec
t/paper/images/large_section.png  used on input line 139.
(pdftex.def)             Requested size: 154.80157pt x 154.80159pt.
</home/belfner/Documents/Spatial_Temporal_Mining/Project/paper/images/large_sec
tion_filled.png, id=17, 1606.0pt x 1606.0pt>
File: /home/belfner/Documents/Spatial_Temporal_Mining/Project/paper/images/larg
e_section_filled.png Graphic file (type png)
<use /home/belfner/Documents/Spatial_Temporal_Mining/Project/paper/images/large
_section_filled.png>
Package pdftex.def Info: /home/belfner/Documents/Spatial_Temporal_Mining/Projec
t/paper/images/large_section_filled.png  used on input line 146.
(pdftex.def)             Requested size: 154.80157pt x 154.80159pt.
</home/belfner/Documents/Spatial_Temporal_Mining/Project/paper/images/large_sec
tion_split.png, id=18, 1606.0pt x 1606.0pt>
File: /home/belfner/Documents/Spatial_Temporal_Mining/Project/paper/images/larg
e_section_split.png Graphic file (type png)
<use /home/belfner/Documents/Spatial_Temporal_Mining/Project/paper/images/large
_section_split.png>
Package pdftex.def Info: /home/belfner/Documents/Spatial_Temporal_Mining/Projec
t/paper/images/large_section_split.png  used on input line 153.
(pdftex.def)             Requested size: 154.80157pt x 154.80159pt.
</home/belfner/Documents/Spatial_Temporal_Mining/Project/paper/images/small_sec
tions.png, id=19, 301.125pt x 301.125pt>
File: /home/belfner/Documents/Spatial_Temporal_Mining/Project/paper/images/smal
l_sections.png Graphic file (type png)
<use /home/belfner/Documents/Spatial_Temporal_Mining/Project/paper/images/small
_sections.png>
Package pdftex.def Info: /home/belfner/Documents/Spatial_Temporal_Mining/Projec
t/paper/images/small_sections.png  used on input line 168.
(pdftex.def)             Requested size: 154.80157pt x 154.80771pt.
</home/belfner/Documents/Spatial_Temporal_Mining/Project/paper/images/simp_merg
e_small_sections.png, id=20, 301.125pt x 301.125pt>
File: /home/belfner/Documents/Spatial_Temporal_Mining/Project/paper/images/simp
_merge_small_sections.png Graphic file (type png)
<use /home/belfner/Documents/Spatial_Temporal_Mining/Project/paper/images/simp_
merge_small_sections.png>
Package pdftex.def Info: /home/belfner/Documents/Spatial_Temporal_Mining/Projec
t/paper/images/simp_merge_small_sections.png  used on input line 175.
(pdftex.def)             Requested size: 154.80157pt x 154.80771pt.
</home/belfner/Documents/Spatial_Temporal_Mining/Project/paper/images/simp_supe
r_small_sections.png, id=21, 301.125pt x 301.125pt>
File: /home/belfner/Documents/Spatial_Temporal_Mining/Project/paper/images/simp
_super_small_sections.png Graphic file (type png)
<use /home/belfner/Documents/Spatial_Temporal_Mining/Project/paper/images/simp_
super_small_sections.png>
Package pdftex.def Info: /home/belfner/Documents/Spatial_Temporal_Mining/Projec
t/paper/images/simp_super_small_sections.png  used on input line 182.
(pdftex.def)             Requested size: 154.80157pt x 154.80771pt.
 [2 </home/belfner/Documents/Spatial_Temporal_Mining/Project/paper/images/basic
_landcover.png> </home/belfner/Documents/Spatial_Temporal_Mining/Project/paper/
images/basic_landcover_graph.png>]
Underfull \vbox (badness 2790) has occurred while \output is active []


Underfull \vbox (badness 10000) has occurred while \output is active []

 [3 </home/belfner/Documents/Spatial_Temporal_Mining/Project/paper/images/size_
dist_landcover.png (PNG copy)> </home/belfner/Documents/Spatial_Temporal_Mining
/Project/paper/images/size_dist.png> </home/belfner/Documents/Spatial_Temporal_
Mining/Project/paper/images/degree_dist.png> </home/belfner/Documents/Spatial_T
emporal_Mining/Project/paper/images/large_section.png (PNG copy)> </home/belfne
r/Documents/Spatial_Temporal_Mining/Project/paper/images/large_section_filled.p
ng> </home/belfner/Documents/Spatial_Temporal_Mining/Project/paper/images/large
_section_split.png>]
</home/belfner/Documents/Spatial_Temporal_Mining/Project/paper/images/landcover
.png, id=38, 501.875pt x 501.875pt>
File: /home/belfner/Documents/Spatial_Temporal_Mining/Project/paper/images/land
cover.png Graphic file (type png)
<use /home/belfner/Documents/Spatial_Temporal_Mining/Project/paper/images/landc
over.png>
Package pdftex.def Info: /home/belfner/Documents/Spatial_Temporal_Mining/Projec
t/paper/images/landcover.png  used on input line 260.
(pdftex.def)             Requested size: 206.39685pt x 206.39803pt.
</home/belfner/Documents/Spatial_Temporal_Mining/Project/paper/images/2clusters
.png, id=39, 351.56343pt x 351.56343pt>
File: /home/belfner/Documents/Spatial_Temporal_Mining/Project/paper/images/2clu
sters.png Graphic file (type png)
<use /home/belfner/Documents/Spatial_Temporal_Mining/Project/paper/images/2clus
ters.png>
Package pdftex.def Info: /home/belfner/Documents/Spatial_Temporal_Mining/Projec
t/paper/images/2clusters.png  used on input line 267.
(pdftex.def)             Requested size: 206.39685pt x 206.39601pt.
</home/belfner/Documents/Spatial_Temporal_Mining/Project/paper/images/3clusters
.png, id=40, 351.56343pt x 351.56343pt>
File: /home/belfner/Documents/Spatial_Temporal_Mining/Project/paper/images/3clu
sters.png Graphic file (type png)
<use /home/belfner/Documents/Spatial_Temporal_Mining/Project/paper/images/3clus
ters.png>
Package pdftex.def Info: /home/belfner/Documents/Spatial_Temporal_Mining/Projec
t/paper/images/3clusters.png  used on input line 274.
(pdftex.def)             Requested size: 206.39685pt x 206.39601pt.
</home/belfner/Documents/Spatial_Temporal_Mining/Project/paper/images/4clusters
.png, id=41, 351.56343pt x 351.56343pt>
File: /home/belfner/Documents/Spatial_Temporal_Mining/Project/paper/images/4clu
sters.png Graphic file (type png)
<use /home/belfner/Documents/Spatial_Temporal_Mining/Project/paper/images/4clus
ters.png>
Package pdftex.def Info: /home/belfner/Documents/Spatial_Temporal_Mining/Projec
t/paper/images/4clusters.png  used on input line 281.
(pdftex.def)             Requested size: 206.39685pt x 206.39601pt.

(./Graph_Based_Approach_to_Unsupervised_Clustering_of_USA_Land_Cover.bbl
[4 </home/belfner/Documents/Spatial_Temporal_Mining/Project/paper/images/small_
sections.png (PNG copy)> </home/belfner/Documents/Spatial_Temporal_Mining/Proje
ct/paper/images/simp_merge_small_sections.png (PNG copy)> </home/belfner/Docume
nts/Spatial_Temporal_Mining/Project/paper/images/simp_super_small_sections.png 
(PNG copy)>])

** Conference Paper **
Before submitting the final camera ready copy, remember to:

 1. Manually equalize the lengths of two columns on the last page
 of your paper;

 2. Ensure that any PostScript and/or PDF output post-processing
 uses only Type 1 fonts and that every step in the generation
 process uses the appropriate paper size.

[5 </home/belfner/Documents/Spatial_Temporal_Mining/Project/paper/images/landco
ver.png (PNG copy)> </home/belfner/Documents/Spatial_Temporal_Mining/Project/pa
per/images/2clusters.png> </home/belfner/Documents/Spatial_Temporal_Mining/Proj
ect/paper/images/3clusters.png> </home/belfner/Documents/Spatial_Temporal_Minin
g/Project/paper/images/4clusters.png>]
(./Graph_Based_Approach_to_Unsupervised_Clustering_of_USA_Land_Cover.aux) ) 
Here is how much of TeX's memory you used:
 5463 strings out of 479304
 92762 string characters out of 5869779
 383719 words of memory out of 5000000
 22592 multiletter control sequences out of 15000+600000
 440917 words of font info for 98 fonts, out of 8000000 for 9000
 1141 hyphenation exceptions out of 8191
 68i,10n,74p,982b,452s stack positions out of 5000i,500n,10000p,200000b,80000s
{/us
r/share/texlive/texmf-dist/fonts/enc/dvips/base/8r.enc}</usr/share/texlive/texm
f-dist/fonts/type1/public/amsfonts/cm/cmmi10.pfb></usr/share/texlive/texmf-dist
/fonts/type1/public/amsfonts/cm/cmmi8.pfb></usr/share/texlive/texmf-dist/fonts/
type1/public/amsfonts/cm/cmr8.pfb></usr/share/texlive/texmf-dist/fonts/type1/pu
blic/amsfonts/cm/cmsy7.pfb></usr/share/texlive/texmf-dist/fonts/type1/public/am
sfonts/cm/cmsy8.pfb></usr/share/texlive/texmf-dist/fonts/type1/urw/times/utmb8a
.pfb></usr/share/texlive/texmf-dist/fonts/type1/urw/times/utmbi8a.pfb></usr/sha
re/texlive/texmf-dist/fonts/type1/urw/times/utmr8a.pfb></usr/share/texlive/texm
f-dist/fonts/type1/urw/times/utmri8a.pfb>
Output written on Graph_Based_Approach_to_Unsupervised_Clustering_of_USA_Land_C
over.pdf (5 pages, 1857617 bytes).
PDF statistics:
 81 PDF objects out of 1000 (max. 8388607)
 41 compressed objects within 1 object stream
 0 named destinations out of 1000 (max. 500000)
 76 words of extra memory for PDF output out of 10000 (max. 10000000)

